<?xml version="1.0" encoding="UTF-8"?>
<!-- Generated by org.testng.reporters.JUnitReportReporter -->
<testsuite hostname="DESKTOP-2VINCHD" failures="0" tests="1" name="com.sample.test.demo.tests.DemoTest" time="43.489" errors="0" timestamp="2021-04-16T11:57:08 EDT" skipped="0">
  <testcase classname="com.sample.test.demo.tests.DemoTest" name="SuccefulSearchForHondaPilot8_Passenger" time="43.489"/>
  <system-out/>
</testsuite> <!-- com.sample.test.demo.tests.DemoTest -->
